<?xml version="1.0" encoding="UTF-8"?>
<note>
    <sno>4432C8A0D6EA</sno>
</note>